GROUP,PACKAGE,CLASS,INSTRUCTION_MISSED,INSTRUCTION_COVERED,BRANCH_MISSED,BRANCH_COVERED,LINE_MISSED,LINE_COVERED,COMPLEXITY_MISSED,COMPLEXITY_COVERED,METHOD_MISSED,METHOD_COVERED
practica-calificada-2-SaidChoquehuanca,default,Student,33,0,4,0,10,0,5,0,2,0
practica-calificada-2-SaidChoquehuanca,main,Pair,0,15,0,0,0,6,0,3,0,3
practica-calificada-2-SaidChoquehuanca,main,Principal,4,201,0,20,2,41,1,12,1,2
practica-calificada-2-SaidChoquehuanca,main,Main,3,0,0,0,1,0,1,0,1,0
practica-calificada-2-SaidChoquehuanca,main,Teacher,23,18,4,0,5,7,4,1,1,1
