<?xml version="1.0" encoding="UTF-8" ?>
<testsuite tests="13" failures="0" name="TestSuite" time="0.015" errors="0" skipped="0">
  <properties>
[...]
</properties>
  <testcase classname="main.PrincipalTest" name="calculate_average_grade_given_different_exam_grades_and_attending_the_minimum_classes" time="0.013"/>
  <testcase classname="main.PrincipalTest" name="calculate_same_grade_given_one_single_exam_and_attending_the_minimum_classes" time="0"/>
  <testcase classname="main.PrincipalTest" name="fail_given_different_exam_grades_but_not_attending_the_minimum_classes" time="0"/>
  <testcase classname="main.PrincipalTest" name="fail_given_odd_exam_grades_but_attending_the_minimum_classes" time="0.001"/>
  <testcase classname="main.PrincipalTest" name="fail_given_one_single_exam_but_not_attending_the_minimum_classes" time="0"/>
  <testcase classname="main.PrincipalTest" name="fail_given_there_are_no_exams" time="0"/>
  <testcase classname="main.PrincipalTest" name="fail_when_there_are_no_exams_and_has_not_attended_the_minimum_classes" time="0"/>
  <testcase classname="main.PrincipalTest" name="increase_one_extra_point_if_there_is_any_benevolent_teacher_in_the_year_to_calculate_grades" time="0"/>
  <testcase classname="main.PrincipalTest" name="maintain_10_as_the_maximum_grade_even_if_increasing_one_extra_point" time="0"/>
  <testcase classname="main.PrincipalTest" name="not_increase_one_extra_point_if_there_is_not_any_benevolent_teacher_in_the_year_to_calculate_grades" time="0"/>
  <testcase classname="main.PrincipalTest" name="round_up_to_2_decimals_given_odd_exam_grades_and_attending_the_minimum_classes" time="0.001"/>
  <testcase classname="main.PrincipalTest" name="validate_all_exam_grades_weight_below_100" time="0"/>
  <testcase classname="main.PrincipalTest" name="validate_all_exam_grades_weight_over_100" time="0"/>
</testsuite>